{"/home/alunos/Desktop/app-dam/src/domain/entities/Chat.ts": {"path":"/home/alunos/Desktop/app-dam/src/domain/entities/Chat.ts","statementMap":{"0":{"start":{"line":1,"column":0},"end":{"line":1,"column":49}},"1":{"start":{"line":5,"column":17},"end":{"line":5,"column":29}},"2":{"start":{"line":6,"column":17},"end":{"line":6,"column":28}},"3":{"start":{"line":7,"column":17},"end":{"line":7,"column":32}},"4":{"start":{"line":8,"column":17},"end":{"line":8,"column":34}},"5":{"start":{"line":9,"column":17},"end":{"line":9,"column":36}},"6":{"start":{"line":19,"column":8},"end":{"line":19,"column":null}},"7":{"start":{"line":3,"column":0},"end":{"line":3,"column":21}}},"fnMap":{"0":{"name":"(anonymous_1)","decl":{"start":{"line":4,"column":4},"end":{"line":4,"column":null}},"loc":{"start":{"line":9,"column":36},"end":{"line":10,"column":8}}},"1":{"name":"(anonymous_2)","decl":{"start":{"line":12,"column":4},"end":{"line":12,"column":10}},"loc":{"start":{"line":17,"column":25},"end":{"line":20,"column":5}}}},"branchMap":{"0":{"loc":{"start":{"line":19,"column":52},"end":{"line":19,"column":100}},"type":"cond-expr","locations":[{"start":{"line":19,"column":63},"end":{"line":19,"column":88}},{"start":{"line":19,"column":91},"end":{"line":19,"column":100}}]}},"s":{"0":1,"1":2,"2":2,"3":2,"4":2,"5":2,"6":2,"7":1},"f":{"0":2,"1":2},"b":{"0":[1,1]}}
,"/home/alunos/Desktop/app-dam/src/domain/entities/Message.ts": {"path":"/home/alunos/Desktop/app-dam/src/domain/entities/Message.ts","statementMap":{"0":{"start":{"line":3,"column":17},"end":{"line":3,"column":32}},"1":{"start":{"line":4,"column":17},"end":{"line":4,"column":29}},"2":{"start":{"line":5,"column":17},"end":{"line":5,"column":31}},"3":{"start":{"line":6,"column":17},"end":{"line":6,"column":31}},"4":{"start":{"line":7,"column":17},"end":{"line":7,"column":28}},"5":{"start":{"line":17,"column":8},"end":{"line":17,"column":62}},"6":{"start":{"line":1,"column":0},"end":{"line":1,"column":21}}},"fnMap":{"0":{"name":"(anonymous_0)","decl":{"start":{"line":2,"column":4},"end":{"line":2,"column":null}},"loc":{"start":{"line":7,"column":28},"end":{"line":8,"column":8}}},"1":{"name":"(anonymous_1)","decl":{"start":{"line":10,"column":4},"end":{"line":10,"column":10}},"loc":{"start":{"line":15,"column":19},"end":{"line":18,"column":5}}}},"branchMap":{},"s":{"0":2,"1":2,"2":2,"3":2,"4":2,"5":2,"6":1},"f":{"0":2,"1":2},"b":{}}
,"/home/alunos/Desktop/app-dam/src/domain/entities/User.ts": {"path":"/home/alunos/Desktop/app-dam/src/domain/entities/User.ts","statementMap":{"0":{"start":{"line":1,"column":0},"end":{"line":1,"column":43}},"1":{"start":{"line":2,"column":0},"end":{"line":2,"column":55}},"2":{"start":{"line":3,"column":0},"end":{"line":3,"column":49}},"3":{"start":{"line":7,"column":17},"end":{"line":7,"column":29}},"4":{"start":{"line":8,"column":17},"end":{"line":8,"column":38}},"5":{"start":{"line":9,"column":17},"end":{"line":9,"column":28}},"6":{"start":{"line":10,"column":17},"end":{"line":10,"column":30}},"7":{"start":{"line":11,"column":17},"end":{"line":11,"column":36}},"8":{"start":{"line":22,"column":8},"end":{"line":28,"column":10}},"9":{"start":{"line":5,"column":0},"end":{"line":5,"column":21}}},"fnMap":{"0":{"name":"(anonymous_1)","decl":{"start":{"line":6,"column":4},"end":{"line":6,"column":null}},"loc":{"start":{"line":11,"column":36},"end":{"line":12,"column":8}}},"1":{"name":"(anonymous_2)","decl":{"start":{"line":14,"column":4},"end":{"line":14,"column":10}},"loc":{"start":{"line":20,"column":25},"end":{"line":29,"column":5}}}},"branchMap":{"0":{"loc":{"start":{"line":26,"column":12},"end":{"line":26,"column":51}},"type":"cond-expr","locations":[{"start":{"line":26,"column":20},"end":{"line":26,"column":39}},{"start":{"line":26,"column":42},"end":{"line":26,"column":51}}]},"1":{"loc":{"start":{"line":27,"column":12},"end":{"line":27,"column":60}},"type":"cond-expr","locations":[{"start":{"line":27,"column":23},"end":{"line":27,"column":48}},{"start":{"line":27,"column":51},"end":{"line":27,"column":60}}]}},"s":{"0":1,"1":1,"2":1,"3":2,"4":2,"5":2,"6":2,"7":2,"8":2,"9":1},"f":{"0":2,"1":2},"b":{"0":[1,1],"1":[1,1]}}
,"/home/alunos/Desktop/app-dam/src/domain/errors/InvalidEmailError.ts": {"path":"/home/alunos/Desktop/app-dam/src/domain/errors/InvalidEmailError.ts","statementMap":{"0":{"start":{"line":2,"column":11},"end":{"line":2,"column":30}},"1":{"start":{"line":1,"column":0},"end":{"line":1,"column":21}}},"fnMap":{},"branchMap":{},"s":{"0":18,"1":2},"f":{},"b":{}}
,"/home/alunos/Desktop/app-dam/src/domain/errors/InvalidPasswordError.ts": {"path":"/home/alunos/Desktop/app-dam/src/domain/errors/InvalidPasswordError.ts","statementMap":{"0":{"start":{"line":2,"column":11},"end":{"line":2,"column":33}},"1":{"start":{"line":1,"column":0},"end":{"line":1,"column":21}}},"fnMap":{},"branchMap":{},"s":{"0":12,"1":3},"f":{},"b":{}}
,"/home/alunos/Desktop/app-dam/src/domain/value-objects/Email.ts": {"path":"/home/alunos/Desktop/app-dam/src/domain/value-objects/Email.ts","statementMap":{"0":{"start":{"line":1,"column":0},"end":{"line":1,"column":60}},"1":{"start":{"line":4,"column":33},"end":{"line":4,"column":46}},"2":{"start":{"line":7,"column":8},"end":{"line":9,"column":9}},"3":{"start":{"line":8,"column":12},"end":{"line":8,"column":59}},"4":{"start":{"line":11,"column":8},"end":{"line":11,"column":32}},"5":{"start":{"line":15,"column":8},"end":{"line":15,"column":63}},"6":{"start":{"line":3,"column":0},"end":{"line":3,"column":21}}},"fnMap":{"0":{"name":"(anonymous_1)","decl":{"start":{"line":4,"column":4},"end":{"line":4,"column":33}},"loc":{"start":{"line":4,"column":46},"end":{"line":4,"column":50}}},"1":{"name":"(anonymous_2)","decl":{"start":{"line":6,"column":4},"end":{"line":6,"column":10}},"loc":{"start":{"line":6,"column":31},"end":{"line":12,"column":5}}},"2":{"name":"(anonymous_3)","decl":{"start":{"line":14,"column":12},"end":{"line":14,"column":18}},"loc":{"start":{"line":14,"column":41},"end":{"line":16,"column":5}}}},"branchMap":{"0":{"loc":{"start":{"line":7,"column":8},"end":{"line":9,"column":9}},"type":"if","locations":[{"start":{"line":7,"column":8},"end":{"line":9,"column":9}},{"start":{},"end":{}}]}},"s":{"0":2,"1":2,"2":14,"3":12,"4":2,"5":14,"6":2},"f":{"0":2,"1":14,"2":14},"b":{"0":[12,2]}}
,"/home/alunos/Desktop/app-dam/src/domain/value-objects/GeoLocation.ts": {"path":"/home/alunos/Desktop/app-dam/src/domain/value-objects/GeoLocation.ts","statementMap":{"0":{"start":{"line":3,"column":17},"end":{"line":3,"column":33}},"1":{"start":{"line":4,"column":17},"end":{"line":4,"column":34}},"2":{"start":{"line":8,"column":8},"end":{"line":8,"column":52}},"3":{"start":{"line":1,"column":0},"end":{"line":1,"column":21}}},"fnMap":{"0":{"name":"(anonymous_0)","decl":{"start":{"line":2,"column":4},"end":{"line":2,"column":null}},"loc":{"start":{"line":4,"column":34},"end":{"line":5,"column":8}}},"1":{"name":"(anonymous_1)","decl":{"start":{"line":7,"column":4},"end":{"line":7,"column":10}},"loc":{"start":{"line":7,"column":53},"end":{"line":9,"column":5}}}},"branchMap":{},"s":{"0":8,"1":8,"2":8,"3":2},"f":{"0":8,"1":8},"b":{}}
,"/home/alunos/Desktop/app-dam/src/domain/value-objects/Password.ts": {"path":"/home/alunos/Desktop/app-dam/src/domain/value-objects/Password.ts","statementMap":{"0":{"start":{"line":1,"column":0},"end":{"line":1,"column":66}},"1":{"start":{"line":4,"column":33},"end":{"line":4,"column":46}},"2":{"start":{"line":7,"column":8},"end":{"line":9,"column":9}},"3":{"start":{"line":8,"column":12},"end":{"line":8,"column":61}},"4":{"start":{"line":11,"column":8},"end":{"line":11,"column":38}},"5":{"start":{"line":15,"column":8},"end":{"line":15,"column":36}},"6":{"start":{"line":3,"column":0},"end":{"line":3,"column":21}}},"fnMap":{"0":{"name":"(anonymous_1)","decl":{"start":{"line":4,"column":4},"end":{"line":4,"column":33}},"loc":{"start":{"line":4,"column":46},"end":{"line":4,"column":50}}},"1":{"name":"(anonymous_2)","decl":{"start":{"line":6,"column":4},"end":{"line":6,"column":10}},"loc":{"start":{"line":6,"column":34},"end":{"line":12,"column":5}}},"2":{"name":"(anonymous_3)","decl":{"start":{"line":14,"column":12},"end":{"line":14,"column":18}},"loc":{"start":{"line":14,"column":44},"end":{"line":16,"column":5}}}},"branchMap":{"0":{"loc":{"start":{"line":7,"column":8},"end":{"line":9,"column":9}},"type":"if","locations":[{"start":{"line":7,"column":8},"end":{"line":9,"column":9}},{"start":{},"end":{}}]}},"s":{"0":1,"1":2,"2":10,"3":8,"4":2,"5":10,"6":1},"f":{"0":2,"1":10,"2":10},"b":{"0":[8,2]}}
,"/home/alunos/Desktop/app-dam/src/infrastructure/factories/ChatServiceFactory.ts": {"path":"/home/alunos/Desktop/app-dam/src/infrastructure/factories/ChatServiceFactory.ts","statementMap":{"0":{"start":{"line":1,"column":0},"end":{"line":1,"column":13}}},"fnMap":{"0":{"name":"(anonymous_0)","decl":{"start":{"line":2,"column":4},"end":{"line":2,"column":10}},"loc":{"start":{"line":2,"column":17},"end":{"line":2,"column":22}}}},"branchMap":{},"s":{"0":0},"f":{"0":0},"b":{}}
,"/home/alunos/Desktop/app-dam/src/infrastructure/factories/MessageServiceFactory.ts": {"path":"/home/alunos/Desktop/app-dam/src/infrastructure/factories/MessageServiceFactory.ts","statementMap":{"0":{"start":{"line":1,"column":0},"end":{"line":1,"column":13}}},"fnMap":{"0":{"name":"(anonymous_0)","decl":{"start":{"line":2,"column":4},"end":{"line":2,"column":10}},"loc":{"start":{"line":2,"column":17},"end":{"line":2,"column":22}}}},"branchMap":{},"s":{"0":0},"f":{"0":0},"b":{}}
,"/home/alunos/Desktop/app-dam/src/infrastructure/factories/UserServiceFactory.ts": {"path":"/home/alunos/Desktop/app-dam/src/infrastructure/factories/UserServiceFactory.ts","statementMap":{"0":{"start":{"line":1,"column":0},"end":{"line":1,"column":13}}},"fnMap":{"0":{"name":"(anonymous_0)","decl":{"start":{"line":2,"column":4},"end":{"line":2,"column":10}},"loc":{"start":{"line":2,"column":17},"end":{"line":2,"column":22}}}},"branchMap":{},"s":{"0":0},"f":{"0":0},"b":{}}
,"/home/alunos/Desktop/app-dam/src/infrastructure/http/axios-http-client.ts": {"path":"/home/alunos/Desktop/app-dam/src/infrastructure/http/axios-http-client.ts","statementMap":{"0":{"start":{"line":5,"column":8},"end":{"line":5,"column":51}},"1":{"start":{"line":8,"column":8},"end":{"line":8,"column":51}},"2":{"start":{"line":11,"column":8},"end":{"line":11,"column":51}},"3":{"start":{"line":14,"column":8},"end":{"line":14,"column":51}},"4":{"start":{"line":17,"column":8},"end":{"line":17,"column":51}},"5":{"start":{"line":3,"column":0},"end":{"line":3,"column":13}}},"fnMap":{"0":{"name":"(anonymous_0)","decl":{"start":{"line":4,"column":4},"end":{"line":4,"column":7}},"loc":{"start":{"line":4,"column":51},"end":{"line":6,"column":5}}},"1":{"name":"(anonymous_1)","decl":{"start":{"line":7,"column":4},"end":{"line":7,"column":8}},"loc":{"start":{"line":7,"column":63},"end":{"line":9,"column":5}}},"2":{"name":"(anonymous_2)","decl":{"start":{"line":10,"column":4},"end":{"line":10,"column":7}},"loc":{"start":{"line":10,"column":62},"end":{"line":12,"column":5}}},"3":{"name":"(anonymous_3)","decl":{"start":{"line":13,"column":4},"end":{"line":13,"column":9}},"loc":{"start":{"line":13,"column":64},"end":{"line":15,"column":5}}},"4":{"name":"(anonymous_4)","decl":{"start":{"line":16,"column":4},"end":{"line":16,"column":10}},"loc":{"start":{"line":16,"column":54},"end":{"line":18,"column":5}}}},"branchMap":{},"s":{"0":0,"1":0,"2":0,"3":0,"4":0,"5":0},"f":{"0":0,"1":0,"2":0,"3":0,"4":0},"b":{}}
,"/home/alunos/Desktop/app-dam/src/infrastructure/repositories/user-repository.ts": {"path":"/home/alunos/Desktop/app-dam/src/infrastructure/repositories/user-repository.ts","statementMap":{"0":{"start":{"line":1,"column":0},"end":{"line":1,"column":46}},"1":{"start":{"line":8,"column":25},"end":{"line":8,"column":48}},"2":{"start":{"line":11,"column":8},"end":{"line":11,"column":null}},"3":{"start":{"line":15,"column":8},"end":{"line":15,"column":null}},"4":{"start":{"line":7,"column":0},"end":{"line":7,"column":13}}},"fnMap":{"0":{"name":"(anonymous_1)","decl":{"start":{"line":8,"column":4},"end":{"line":8,"column":25}},"loc":{"start":{"line":8,"column":48},"end":{"line":8,"column":52}}},"1":{"name":"(anonymous_2)","decl":{"start":{"line":10,"column":4},"end":{"line":10,"column":9}},"loc":{"start":{"line":10,"column":48},"end":{"line":12,"column":5}}},"2":{"name":"(anonymous_3)","decl":{"start":{"line":14,"column":4},"end":{"line":14,"column":9}},"loc":{"start":{"line":14,"column":69},"end":{"line":16,"column":5}}},"3":{"name":"(anonymous_4)","decl":{"start":{"line":18,"column":4},"end":{"line":18,"column":9}},"loc":{"start":{"line":18,"column":16},"end":{"line":18,"column":36}}}},"branchMap":{},"s":{"0":0,"1":0,"2":0,"3":0,"4":0},"f":{"0":0,"1":0,"2":0,"3":0},"b":{}}
}
